<?xml version="1.0" encoding="UTF-8"?>
<!-- Generated by org.testng.reporters.JUnitReportReporter -->
<testsuite skipped="0" hostname="s-PC" name="com.qa.ParasoftTestCases.OpenNewAccountTest" tests="1" failures="0" timestamp="24 Jul 2020 09:54:57 GMT" time="38.614" errors="0">
  <testcase name="createNewAccount" time="38.614" classname="com.qa.ParasoftTestCases.OpenNewAccountTest"/>
</testsuite> <!-- com.qa.ParasoftTestCases.OpenNewAccountTest -->
